[Licensing::Module] Trying to connect to existing licensing client channel...
Built from '6000.2/staging' branch; Version is '6000.2.12f1 (e89d5df0e333) revision 15244637'; Using compiler version '194234433'; Build Type 'Release'
[Licensing::IpcConnector] Successfully connected to: "LicenseClient-huynh" at "2025-12-04T13:06:31.0516863Z"
OS: 'Windows 11  (10.0.26100) 64bit Professional' Language: 'en' Physical Memory: 16085 MB
BatchMode: 1, IsHumanControllingUs: 0, StartBugReporterOnCrash: 0, Is64bit: 1
Date: 2025-12-04T13:06:31Z

COMMAND LINE ARGUMENTS:
C:\Program Files\Unity\Hub\Editor\6000.2.12f1\Editor\Unity.exe
-adb2
-batchMode
-noUpm
-name
AssetImportWorker4
-projectPath
C:/Users/huynh/OneDrive/Desktop/Create with Code/Counter
-logFile
Logs/AssetImportWorker4.log
-srvPort
56587
-licensingIpc
LicenseClient-huynh
-job-worker-count
7
-background-job-worker-count
8
-gc-helper-count
1
-name
AssetImport
Successfully changed project path to: C:/Users/huynh/OneDrive/Desktop/Create with Code/Counter
C:/Users/huynh/OneDrive/Desktop/Create with Code/Counter
[UnityMemory] Configuration Parameters - Can be set up in boot.config
    "memorysetup-allocator-temp-initial-block-size-main=262144"
    "memorysetup-allocator-temp-initial-block-size-worker=262144"
    "memorysetup-bucket-allocator-granularity=16"
    "memorysetup-bucket-allocator-bucket-count=8"
    "memorysetup-bucket-allocator-block-size=33554432"
    "memorysetup-bucket-allocator-block-count=8"
    "memorysetup-main-allocator-block-size=16777216"
    "memorysetup-thread-allocator-block-size=16777216"
    "memorysetup-gfx-main-allocator-block-size=16777216"
    "memorysetup-gfx-thread-allocator-block-size=16777216"
    "memorysetup-cache-allocator-block-size=4194304"
    "memorysetup-typetree-allocator-block-size=2097152"
    "memorysetup-profiler-bucket-allocator-granularity=16"
    "memorysetup-profiler-bucket-allocator-bucket-count=8"
    "memorysetup-profiler-bucket-allocator-block-size=33554432"
    "memorysetup-profiler-bucket-allocator-block-count=8"
    "memorysetup-profiler-allocator-block-size=16777216"
    "memorysetup-profiler-editor-allocator-block-size=1048576"
    "memorysetup-temp-allocator-size-main=16777216"
    "memorysetup-job-temp-allocator-block-size=2097152"
    "memorysetup-job-temp-allocator-block-size-background=1048576"
    "memorysetup-job-temp-allocator-reduction-small-platforms=262144"
    "memorysetup-temp-allocator-size-background-worker=32768"
    "memorysetup-temp-allocator-size-job-worker=262144"
    "memorysetup-temp-allocator-size-preload-manager=33554432"
    "memorysetup-temp-allocator-size-nav-mesh-worker=65536"
    "memorysetup-temp-allocator-size-audio-worker=65536"
    "memorysetup-temp-allocator-size-cloud-worker=32768"
    "memorysetup-temp-allocator-size-gi-baking-worker=262144"
    "memorysetup-temp-allocator-size-gi-baking-worker=262144"
    "memorysetup-temp-allocator-size-gi-baking-worker=262144"
    "memorysetup-temp-allocator-size-gi-baking-worker=262144"
    "memorysetup-temp-allocator-size-gi-baking-worker=262144"
    "memorysetup-temp-allocator-size-gfx=262144"
Player connection [14040]  Target information:

Player connection [14040]  * "[IP] 192.168.1.8 [Port] 0 [Flags] 2 [Guid] 3419251938 [EditorId] 3419251938 [Version] 1048832 [Id] WindowsEditor(7,CHAU_CHAU_NHOPE) [Debug] 1 [PackageName] WindowsEditor [ProjectName] Editor" 

Player connection [14040] Host joined multi-casting on [225.0.0.222:54997]...
Player connection [14040] Host joined alternative multi-casting on [225.0.0.222:34997]...
JobSystem: Creating JobQueue using job-worker-count value 7
Input System module state changed to: Initialized.
[Physics::Module] Initialized fallback backend.
[Physics::Module] Id: 0xdecafbad
Library Redirect Path: Library/
[Physics::Module] Selected backend.
[Physics::Module] Name: PhysX
[Physics::Module] Id: 0xf2b8ea05
[Physics::Module] SDK Version: 4.1.2
[Physics::Module] Integration Version: 1.0.0
[Physics::Module] Threading Mode: Multi-Threaded
Refreshing native plugins compatible for Editor in 3.15 ms, found 3 plugins.
Preloading 0 native plugins for Editor in 0.00 ms.
Initialize engine version: 6000.2.12f1 (e89d5df0e333)
[Subsystems] Discovering subsystems at path C:/Program Files/Unity/Hub/Editor/6000.2.12f1/Editor/Data/Resources/UnitySubsystems
[Subsystems] Discovering subsystems at path C:/Users/huynh/OneDrive/Desktop/Create with Code/Counter/Assets
GfxDevice: creating device client; kGfxThreadingModeNonThreaded
Direct3D:
    Version:  Direct3D 11.0 [level 11.1]
    Renderer: NVIDIA GeForce RTX 3070 Laptop GPU (ID=0x249d)
    Vendor:   NVIDIA
    VRAM:     8033 MB
    Driver:   31.0.15.3699
Initialize mono
Mono path[0] = 'C:/Program Files/Unity/Hub/Editor/6000.2.12f1/Editor/Data/Managed'
Mono path[1] = 'C:/Program Files/Unity/Hub/Editor/6000.2.12f1/Editor/Data/MonoBleedingEdge/lib/mono/unityjit-win32'
Mono config path = 'C:/Program Files/Unity/Hub/Editor/6000.2.12f1/Editor/Data/MonoBleedingEdge/etc'
Using monoOptions --debugger-agent=transport=dt_socket,embedding=1,server=y,suspend=n,address=127.0.0.1:56976
Begin MonoManager ReloadAssembly
Registering precompiled unity dll's ...
Register platform support module: C:/Program Files/Unity/Hub/Editor/6000.2.12f1/Editor/Data/PlaybackEngines/WebGLSupport/UnityEditor.WebGL.Extensions.dll
Register platform support module: C:/Program Files/Unity/Hub/Editor/6000.2.12f1/Editor/Data/PlaybackEngines/WindowsStandaloneSupport/UnityEditor.WindowsStandalone.Extensions.dll
Registered in 0.002180 seconds.
- Loaded All Assemblies, in  0.536 seconds
Native extension for WindowsStandalone target not found
Native extension for WebGL target not found
Mono: successfully reloaded assembly
- Finished resetting the current domain, in  0.507 seconds
Domain Reload Profiling: 1041ms
	BeginReloadAssembly (194ms)
		ExecutionOrderSort (0ms)
		DisableScriptedObjects (0ms)
		BackupInstance (0ms)
		ReleaseScriptingObjects (0ms)
		CreateAndSetChildDomain (1ms)
	RebuildCommonClasses (42ms)
	RebuildNativeTypeToScriptingClass (15ms)
	initialDomainReloadingComplete (60ms)
	LoadAllAssembliesAndSetupDomain (223ms)
		LoadAssemblies (190ms)
		RebuildTransferFunctionScriptingTraits (0ms)
		AnalyzeDomain (219ms)
			TypeCache.Refresh (216ms)
				TypeCache.ScanAssembly (197ms)
			BuildScriptInfoCaches (0ms)
			ResolveRequiredComponents (1ms)
	FinalizeReload (507ms)
		ReleaseScriptCaches (0ms)
		RebuildScriptCaches (0ms)
		SetupLoadedEditorAssemblies (439ms)
			LogAssemblyErrors (0ms)
			InitializePlatformSupportModulesInManaged (80ms)
			SetLoadedEditorAssemblies (4ms)
			BeforeProcessingInitializeOnLoad (96ms)
			ProcessInitializeOnLoadAttributes (179ms)
			ProcessInitializeOnLoadMethodAttributes (80ms)
			AfterProcessingInitializeOnLoad (0ms)
			EditorAssembliesLoaded (0ms)
		ExecutionOrderSort2 (0ms)
		AwakeInstancesAfterBackupRestoration (0ms)
========================================================================
Worker process is ready to serve import requests
Import Worker Mode flag is 0x00
Begin MonoManager ReloadAssembly
[Licensing::Module] Licensing is not yet initialized.
[Licensing::Client] Error: HandshakeResponse reported an error:
	ResponseCode: 505
	ResponseStatus: Unsupported protocol version '1.17.4'.
[Licensing::Module] Error: Failed to handshake to channel: "LicenseClient-huynh"
[Licensing::IpcConnector] LicenseClient-huynh channel disconnected successfully.
[Licensing::IpcConnector] Successfully connected to: "LicenseClient-huynh-6000.2.12" at "2025-12-04T13:06:33.6493114Z"
[Licensing::Client] Handshaking with LicensingClient:
  Version:                 1.17.4+4293ba1
  Session Id:              50cd7014273847b5b02be0a46077c08b
  Correlation Id:          623dd6c45b61917fd20a7123052e7f37
  External correlation Id: 5847578658837411538
  Machine Id:              6VZaOuUClhuE+k706Xi8j06Qklk=
[Licensing::Module] Successfully connected to LicensingClient on channel: "LicenseClient-huynh-6000.2.12" (connect: 0.00s, validation: 0.00s, handshake: 1.83s)
[Licensing::IpcConnector] Successfully connected to: "LicenseClient-huynh-6000.2.12-notifications" at "2025-12-04T13:06:35.4823241Z"
[Licensing::Module] Licensing Background thread has ended after 4.43s
[Licensing::Module] Licensing is initialized (took 2.37s).
[Licensing::Client] Successfully resolved entitlement details
[Licensing::Module] License group:
  Id: 18968330778315-UnityPersXXXX
  Product: Unity Personal
  Type: Assigned
  Expiration: Unlimited
- Loaded All Assemblies, in  3.142 seconds
Refreshing native plugins compatible for Editor in 0.94 ms, found 3 plugins.
Native extension for WindowsStandalone target not found
Native extension for WebGL target not found
Package Manager log level set to [2]
[Package Manager] Failed to launch server process. Reason: Unity was launched with the -noUpm command-line argument
[Package Manager] Unable to send message (not connected to server process).
[Package Manager] Cannot connect to Unity Package Manager local server
Mono: successfully reloaded assembly
- Finished resetting the current domain, in  0.918 seconds
Domain Reload Profiling: 4057ms
	BeginReloadAssembly (2559ms)
		ExecutionOrderSort (0ms)
		DisableScriptedObjects (6ms)
		BackupInstance (0ms)
		ReleaseScriptingObjects (0ms)
		CreateAndSetChildDomain (32ms)
	RebuildCommonClasses (45ms)
	RebuildNativeTypeToScriptingClass (16ms)
	initialDomainReloadingComplete (39ms)
	LoadAllAssembliesAndSetupDomain (479ms)
		LoadAssemblies (330ms)
		RebuildTransferFunctionScriptingTraits (0ms)
		AnalyzeDomain (247ms)
			TypeCache.Refresh (186ms)
				TypeCache.ScanAssembly (171ms)
			BuildScriptInfoCaches (45ms)
			ResolveRequiredComponents (11ms)
	FinalizeReload (918ms)
		ReleaseScriptCaches (0ms)
		RebuildScriptCaches (0ms)
		SetupLoadedEditorAssemblies (725ms)
			LogAssemblyErrors (0ms)
			InitializePlatformSupportModulesInManaged (3ms)
			SetLoadedEditorAssemblies (6ms)
			BeforeProcessingInitializeOnLoad (115ms)
			ProcessInitializeOnLoadAttributes (523ms)
			ProcessInitializeOnLoadMethodAttributes (70ms)
			AfterProcessingInitializeOnLoad (7ms)
			EditorAssembliesLoaded (0ms)
		ExecutionOrderSort2 (0ms)
		AwakeInstancesAfterBackupRestoration (8ms)
Launched and connected shader compiler UnityShaderCompiler.exe after 0.01 seconds
Refreshing native plugins compatible for Editor in 1.79 ms, found 3 plugins.
Preloading 0 native plugins for Editor in 0.00 ms.
Unloading 13 Unused Serialized files (Serialized files now loaded: 0)
Unloading 6125 unused Assets / (3.9 MB). Loaded Objects now: 6822.
Memory consumption went from 132.9 MB to 129.0 MB.
Total: 10.566900 ms (FindLiveObjects: 1.028400 ms CreateObjectMapping: 1.055800 ms MarkObjects: 5.892100 ms  DeleteObjects: 2.587500 ms)

========================================================================
Received Import Request.
  Time since last request: 1487.317622 seconds.
  path: Assets/Wooden Boxes/Prefabs/Box1 Obj.prefab
  artifactKey: Guid(ff1674c27f260f741a38c340d87849b3) Importer(815301076,1909f56bfc062723c751e8b465ee728b)
Start importing Assets/Wooden Boxes/Prefabs/Box1 Obj.prefab using Guid(ff1674c27f260f741a38c340d87849b3) Importer(815301076,1909f56bfc062723c751e8b465ee728b) (PreviewImporter) -> (artifact id: '8dd753e09b22550ae4b635d546057528') in 0.4928179 seconds
Number of updated asset objects reloaded before import = 0Number of asset objects unloaded after import = 14

========================================================================
Received Import Request.
  Time since last request: 4.053744 seconds.
  path: Assets/Wooden Boxes/Prefabs/Box1.prefab
  artifactKey: Guid(3f68fa2d6080b4544b81557757aca2e9) Importer(815301076,1909f56bfc062723c751e8b465ee728b)
Start importing Assets/Wooden Boxes/Prefabs/Box1.prefab using Guid(3f68fa2d6080b4544b81557757aca2e9) Importer(815301076,1909f56bfc062723c751e8b465ee728b) (PreviewImporter) -> (artifact id: '65e859aeb541680e73728ad72f5dafca') in 0.0315227 seconds
Number of updated asset objects reloaded before import = 0Number of asset objects unloaded after import = 12

========================================================================
Received Import Request.
  Time since last request: 1.395035 seconds.
  path: Assets/Wooden Boxes/Prefabs/Box2.prefab
  artifactKey: Guid(865c9da02e0cdf140a84005c194d574b) Importer(815301076,1909f56bfc062723c751e8b465ee728b)
Start importing Assets/Wooden Boxes/Prefabs/Box2.prefab using Guid(865c9da02e0cdf140a84005c194d574b) Importer(815301076,1909f56bfc062723c751e8b465ee728b) (PreviewImporter) -> (artifact id: '7dccd3175f5d7b7bf42aa150ea904b5f') in 0.0288031 seconds
Number of updated asset objects reloaded before import = 0Number of asset objects unloaded after import = 12

========================================================================
Received Import Request.
  Time since last request: 46.785448 seconds.
  path: Assets/Scenes/SampleScene.unity
  artifactKey: Guid(99c9720ab356a0642a771bea13969a05) Importer(2089858483,192608db42251d675da83286b1cce702)
Start importing Assets/Scenes/SampleScene.unity using Guid(99c9720ab356a0642a771bea13969a05) Importer(2089858483,192608db42251d675da83286b1cce702) (ScriptedImporter) -> (artifact id: '5bee93bdc4e94cec46d91dc402f7c643') in 0.1291811 seconds
Number of updated asset objects reloaded before import = 0Number of asset objects unloaded after import = 1

========================================================================
Received Import Request.
  Time since last request: 137.877008 seconds.
  path: Assets/Wooden Boxes/Prefabs/Box3.prefab
  artifactKey: Guid(d40a902125c04c6488fa0fd892d72f6b) Importer(815301076,1909f56bfc062723c751e8b465ee728b)
Start importing Assets/Wooden Boxes/Prefabs/Box3.prefab using Guid(d40a902125c04c6488fa0fd892d72f6b) Importer(815301076,1909f56bfc062723c751e8b465ee728b) (PreviewImporter) -> (artifact id: 'a62dc51f963dbc562449cb3922cf574a') in 0.0314508 seconds
Number of updated asset objects reloaded before import = 0Number of asset objects unloaded after import = 12

========================================================================
Received Import Request.
  Time since last request: 0.393695 seconds.
  path: Assets/Wooden Boxes/Textures
  artifactKey: Guid(a4d60cd6607bb944fb98c73df0cfd5d9) Importer(815301076,1909f56bfc062723c751e8b465ee728b)
Start importing Assets/Wooden Boxes/Textures using Guid(a4d60cd6607bb944fb98c73df0cfd5d9) Importer(815301076,1909f56bfc062723c751e8b465ee728b) (PreviewImporter) -> (artifact id: 'f556571ec4ef803eb4fa3a603c5c81cd') in 0.00072 seconds
Number of updated asset objects reloaded before import = 0Number of asset objects unloaded after import = 0

========================================================================
Received Import Request.
  Time since last request: 0.840466 seconds.
  path: Assets/Wooden Boxes/Prefabs/Box3_lid Obj.prefab
  artifactKey: Guid(03fcc4fc2d19aca429957ae785ab0107) Importer(815301076,1909f56bfc062723c751e8b465ee728b)
Start importing Assets/Wooden Boxes/Prefabs/Box3_lid Obj.prefab using Guid(03fcc4fc2d19aca429957ae785ab0107) Importer(815301076,1909f56bfc062723c751e8b465ee728b) (PreviewImporter) -> (artifact id: '79a7de67b8860d7e1b797b2536a59f99') in 0.0291164 seconds
Number of updated asset objects reloaded before import = 0Number of asset objects unloaded after import = 14

========================================================================
Received Import Request.
  Time since last request: 0.404336 seconds.
  path: Assets/Wooden Boxes/Prefabs/Box3_lid.prefab
  artifactKey: Guid(9576181e6fd8e734798d44f0d88d1507) Importer(815301076,1909f56bfc062723c751e8b465ee728b)
Start importing Assets/Wooden Boxes/Prefabs/Box3_lid.prefab using Guid(9576181e6fd8e734798d44f0d88d1507) Importer(815301076,1909f56bfc062723c751e8b465ee728b) (PreviewImporter) -> (artifact id: '87e40ef4ccec380c148a3d274a682df7') in 0.0280662 seconds
Number of updated asset objects reloaded before import = 0Number of asset objects unloaded after import = 12

========================================================================
Received Import Request.
  Time since last request: 0.307877 seconds.
  path: Assets/Wooden Boxes/Prefabs/Box2 Obj.prefab
  artifactKey: Guid(f66846271cefdf148bbc7a5024eaea69) Importer(815301076,1909f56bfc062723c751e8b465ee728b)
Start importing Assets/Wooden Boxes/Prefabs/Box2 Obj.prefab using Guid(f66846271cefdf148bbc7a5024eaea69) Importer(815301076,1909f56bfc062723c751e8b465ee728b) (PreviewImporter) -> (artifact id: '7bcee71f270a1dedef7ebf9a24d54e1d') in 0.0240939 seconds
Number of updated asset objects reloaded before import = 0Number of asset objects unloaded after import = 14

========================================================================
Received Import Request.
  Time since last request: 1.782164 seconds.
  path: Assets/Wooden Boxes/Prefabs
  artifactKey: Guid(8cb698ed1b48a3d4c99681dfc6ce8a45) Importer(815301076,1909f56bfc062723c751e8b465ee728b)
Start importing Assets/Wooden Boxes/Prefabs using Guid(8cb698ed1b48a3d4c99681dfc6ce8a45) Importer(815301076,1909f56bfc062723c751e8b465ee728b) (PreviewImporter) -> (artifact id: '0ddcb3e1c86d88b593b241ef8d2759e9') in 0.0007961 seconds
Number of updated asset objects reloaded before import = 0Number of asset objects unloaded after import = 0

========================================================================
Received Import Request.
  Time since last request: 1.788598 seconds.
  path: Assets/Wooden Boxes
  artifactKey: Guid(94d5b6ecd4fc8a149bd3577fb5a69035) Importer(815301076,1909f56bfc062723c751e8b465ee728b)
Start importing Assets/Wooden Boxes using Guid(94d5b6ecd4fc8a149bd3577fb5a69035) Importer(815301076,1909f56bfc062723c751e8b465ee728b) (PreviewImporter) -> (artifact id: '9450c19dff065647ed06203e46ff4101') in 0.0005613 seconds
Number of updated asset objects reloaded before import = 0Number of asset objects unloaded after import = 0

========================================================================
Received Import Request.
  Time since last request: 137.161506 seconds.
  path: Assets/Cardboard Box (Rigged)/Demo
  artifactKey: Guid(a3cdb53d53b57104ea874a8b7408c691) Importer(2089858483,192608db42251d675da83286b1cce702)
Start importing Assets/Cardboard Box (Rigged)/Demo using Guid(a3cdb53d53b57104ea874a8b7408c691) Importer(2089858483,192608db42251d675da83286b1cce702) (ScriptedImporter) -> (artifact id: 'a65c903bd49d8f504e877f51ff788fe3') in 0.0256533 seconds
Number of updated asset objects reloaded before import = 0Number of asset objects unloaded after import = 1

========================================================================
Received Import Request.
  Time since last request: 0.000038 seconds.
  path: Assets/Cardboard Box (Rigged)/Demo/Cardboard Box Demo Scene URP.unity
  artifactKey: Guid(7d10658c4bd55744db1157ec346851ef) Importer(2089858483,192608db42251d675da83286b1cce702)
Start importing Assets/Cardboard Box (Rigged)/Demo/Cardboard Box Demo Scene URP.unity using Guid(7d10658c4bd55744db1157ec346851ef) Importer(2089858483,192608db42251d675da83286b1cce702) (ScriptedImporter) -> (artifact id: 'd9bc320398d3190397c0541bd525de3d') in 0.0190228 seconds
Number of updated asset objects reloaded before import = 0Number of asset objects unloaded after import = 1

========================================================================
Received Import Request.
  Time since last request: 0.000039 seconds.
  path: Assets/Cardboard Box (Rigged)
  artifactKey: Guid(5437bf713cfeb1a4c9540dc27b4596e0) Importer(2089858483,192608db42251d675da83286b1cce702)
Start importing Assets/Cardboard Box (Rigged) using Guid(5437bf713cfeb1a4c9540dc27b4596e0) Importer(2089858483,192608db42251d675da83286b1cce702) (ScriptedImporter) -> (artifact id: '5ce10ca0a6075a394ecc722bc515c455') in 0.0161193 seconds
Number of updated asset objects reloaded before import = 0Number of asset objects unloaded after import = 1

========================================================================
Received Import Request.
  Time since last request: 0.000025 seconds.
  path: Assets/Cardboard Box (Rigged)/Prefabs/Cardboard Box (Closed).prefab
  artifactKey: Guid(57c9acc510ae1fb4bb6a617279d6e71b) Importer(2089858483,192608db42251d675da83286b1cce702)
Start importing Assets/Cardboard Box (Rigged)/Prefabs/Cardboard Box (Closed).prefab using Guid(57c9acc510ae1fb4bb6a617279d6e71b) Importer(2089858483,192608db42251d675da83286b1cce702) (ScriptedImporter) -> (artifact id: 'f45915bca46ddceab04b3b2c6ee991d6') in 0.0737394 seconds
Number of updated asset objects reloaded before import = 0Number of asset objects unloaded after import = 43

========================================================================
Received Import Request.
  Time since last request: 0.000024 seconds.
  path: Assets/Cardboard Box (Rigged)/Prefabs/Cardboard Box (Opened).prefab
  artifactKey: Guid(3f20e35eeab59784a96d611db2b5160b) Importer(2089858483,192608db42251d675da83286b1cce702)
Start importing Assets/Cardboard Box (Rigged)/Prefabs/Cardboard Box (Opened).prefab using Guid(3f20e35eeab59784a96d611db2b5160b) Importer(2089858483,192608db42251d675da83286b1cce702) (ScriptedImporter) -> (artifact id: 'acd05cf0c23edc92c54d4ce4e466fdd6') in 0.0232147 seconds
Number of updated asset objects reloaded before import = 0Number of asset objects unloaded after import = 43

========================================================================
Received Import Request.
  Time since last request: 0.000041 seconds.
  path: Assets/Cardboard Box (Rigged)/Materials & Textures/URP
  artifactKey: Guid(028ed2762ceaf4d45825cc70da869c9d) Importer(2089858483,192608db42251d675da83286b1cce702)
Start importing Assets/Cardboard Box (Rigged)/Materials & Textures/URP using Guid(028ed2762ceaf4d45825cc70da869c9d) Importer(2089858483,192608db42251d675da83286b1cce702) (ScriptedImporter) -> (artifact id: 'bbaefb04f5b80971b903d4e33cbd7fec') in 0.019236 seconds
Number of updated asset objects reloaded before import = 0Number of asset objects unloaded after import = 1

========================================================================
Received Import Request.
  Time since last request: 0.000031 seconds.
  path: Assets/Cardboard Box (Rigged)/Materials & Textures
  artifactKey: Guid(bb622e7a2e2103143b657cf26cf05dda) Importer(2089858483,192608db42251d675da83286b1cce702)
Start importing Assets/Cardboard Box (Rigged)/Materials & Textures using Guid(bb622e7a2e2103143b657cf26cf05dda) Importer(2089858483,192608db42251d675da83286b1cce702) (ScriptedImporter) -> (artifact id: '68152525a06048753363d6c52dceb262') in 0.0149959 seconds
Number of updated asset objects reloaded before import = 0Number of asset objects unloaded after import = 1

========================================================================
Received Import Request.
  Time since last request: 0.000024 seconds.
  path: Assets/Cardboard Box (Rigged)/Prefabs/Cardboard Box (Unfolded).prefab
  artifactKey: Guid(28a63756e8b92cc4aa2dcb551d587eb7) Importer(2089858483,192608db42251d675da83286b1cce702)
Start importing Assets/Cardboard Box (Rigged)/Prefabs/Cardboard Box (Unfolded).prefab using Guid(28a63756e8b92cc4aa2dcb551d587eb7) Importer(2089858483,192608db42251d675da83286b1cce702) (ScriptedImporter) -> (artifact id: '3cfca5d568008248095908b5b96933f0') in 0.019944 seconds
Number of updated asset objects reloaded before import = 0Number of asset objects unloaded after import = 43

========================================================================
Received Import Request.
  Time since last request: 0.000027 seconds.
  path: Assets/Cardboard Box (Rigged)/Materials & Textures/Built-In
  artifactKey: Guid(44e20fcb9ccf5ac47bee51fd0b2cf002) Importer(2089858483,192608db42251d675da83286b1cce702)
Start importing Assets/Cardboard Box (Rigged)/Materials & Textures/Built-In using Guid(44e20fcb9ccf5ac47bee51fd0b2cf002) Importer(2089858483,192608db42251d675da83286b1cce702) (ScriptedImporter) -> (artifact id: '789d52a1a2b1b09c5cc7d7c8f8bfdcb8') in 0.0153709 seconds
Number of updated asset objects reloaded before import = 0Number of asset objects unloaded after import = 1

========================================================================
Received Import Request.
  Time since last request: 0.000026 seconds.
  path: Assets/Cardboard Box (Rigged)/Materials & Textures/URP/MainMat.mat
  artifactKey: Guid(6c950fce69ff8854491de81530dec1ad) Importer(2089858483,192608db42251d675da83286b1cce702)
Start importing Assets/Cardboard Box (Rigged)/Materials & Textures/URP/MainMat.mat using Guid(6c950fce69ff8854491de81530dec1ad) Importer(2089858483,192608db42251d675da83286b1cce702) (ScriptedImporter) -> (artifact id: 'a937cac95d885c542988d22e15990c70') in 0.0346059 seconds
Number of updated asset objects reloaded before import = 0Number of asset objects unloaded after import = 2

========================================================================
Received Import Request.
  Time since last request: 0.000023 seconds.
  path: Assets/Cardboard Box (Rigged)/Materials & Textures/Sides.png
  artifactKey: Guid(3967097d909e70b44a095befc3c259ea) Importer(2089858483,192608db42251d675da83286b1cce702)
Start importing Assets/Cardboard Box (Rigged)/Materials & Textures/Sides.png using Guid(3967097d909e70b44a095befc3c259ea) Importer(2089858483,192608db42251d675da83286b1cce702) (ScriptedImporter) -> (artifact id: 'a134afcea25aa2a8123a5c3429ba1d0b') in 0.0764035 seconds
Number of updated asset objects reloaded before import = 0Number of asset objects unloaded after import = 1

========================================================================
Received Import Request.
  Time since last request: 0.000039 seconds.
  path: Assets/Cardboard Box (Rigged)/Mesh/Cardboard Box.fbx
  artifactKey: Guid(2c9f6d988e77b8f46919cf52ab0b8ec5) Importer(2089858483,192608db42251d675da83286b1cce702)
Start importing Assets/Cardboard Box (Rigged)/Mesh/Cardboard Box.fbx using Guid(2c9f6d988e77b8f46919cf52ab0b8ec5) Importer(2089858483,192608db42251d675da83286b1cce702) (ScriptedImporter) -> (artifact id: 'd3ee78a95242b58e2936acd7a4eec307') in 0.0553623 seconds
Number of updated asset objects reloaded before import = 0Number of asset objects unloaded after import = 45

========================================================================
Received Import Request.
  Time since last request: 17.712279 seconds.
  path: Assets/Cardboard Box (Rigged)
  artifactKey: Guid(5437bf713cfeb1a4c9540dc27b4596e0) Importer(815301076,1909f56bfc062723c751e8b465ee728b)
Start importing Assets/Cardboard Box (Rigged) using Guid(5437bf713cfeb1a4c9540dc27b4596e0) Importer(815301076,1909f56bfc062723c751e8b465ee728b) (PreviewImporter) -> (artifact id: '484be16986ab3e1ce56ed00e05cb81c6') in 0.000712 seconds
Number of updated asset objects reloaded before import = 0Number of asset objects unloaded after import = 0

========================================================================
Received Import Request.
  Time since last request: 2.142518 seconds.
  path: Assets/Cardboard Box (Rigged)/Prefabs
  artifactKey: Guid(ce79c296effc67c499ed89e8ae76659d) Importer(815301076,1909f56bfc062723c751e8b465ee728b)
Start importing Assets/Cardboard Box (Rigged)/Prefabs using Guid(ce79c296effc67c499ed89e8ae76659d) Importer(815301076,1909f56bfc062723c751e8b465ee728b) (PreviewImporter) -> (artifact id: '02cd2d1f871b45dbf6e4f1e22c914b8f') in 0.0006378 seconds
Number of updated asset objects reloaded before import = 0Number of asset objects unloaded after import = 0

========================================================================
Received Import Request.
  Time since last request: 0.774014 seconds.
  path: Assets/Cardboard Box (Rigged)/Prefabs/Cardboard Box (Opened).prefab
  artifactKey: Guid(3f20e35eeab59784a96d611db2b5160b) Importer(815301076,1909f56bfc062723c751e8b465ee728b)
Start importing Assets/Cardboard Box (Rigged)/Prefabs/Cardboard Box (Opened).prefab using Guid(3f20e35eeab59784a96d611db2b5160b) Importer(815301076,1909f56bfc062723c751e8b465ee728b) (PreviewImporter) -> (artifact id: '94f3134ce61edfc3b26c77b94fef9a46') in 0.0474472 seconds
Number of updated asset objects reloaded before import = 0Number of asset objects unloaded after import = 49

========================================================================
Received Import Request.
  Time since last request: 2.313455 seconds.
  path: Assets/Cardboard Box (Rigged)/Prefabs/Cardboard Box (Unfolded).prefab
  artifactKey: Guid(28a63756e8b92cc4aa2dcb551d587eb7) Importer(815301076,1909f56bfc062723c751e8b465ee728b)
Start importing Assets/Cardboard Box (Rigged)/Prefabs/Cardboard Box (Unfolded).prefab using Guid(28a63756e8b92cc4aa2dcb551d587eb7) Importer(815301076,1909f56bfc062723c751e8b465ee728b) (PreviewImporter) -> (artifact id: 'f3eac687e68d9b3147cb94dfaac8812b') in 0.0328184 seconds
Number of updated asset objects reloaded before import = 0Number of asset objects unloaded after import = 49

========================================================================
Received Import Request.
  Time since last request: 279.177142 seconds.
  path: Assets/Scenes/SampleScene.unity
  artifactKey: Guid(99c9720ab356a0642a771bea13969a05) Importer(2089858483,192608db42251d675da83286b1cce702)
Start importing Assets/Scenes/SampleScene.unity using Guid(99c9720ab356a0642a771bea13969a05) Importer(2089858483,192608db42251d675da83286b1cce702) (ScriptedImporter) -> (artifact id: 'ff1c9c665e24d3ccf736487b28fa98ae') in 0.014487 seconds
Number of updated asset objects reloaded before import = 0Number of asset objects unloaded after import = 1

========================================================================
Received Import Request.
  Time since last request: 101.885927 seconds.
  path: Assets/Scenes/SampleScene.unity
  artifactKey: Guid(99c9720ab356a0642a771bea13969a05) Importer(2089858483,192608db42251d675da83286b1cce702)
Start importing Assets/Scenes/SampleScene.unity using Guid(99c9720ab356a0642a771bea13969a05) Importer(2089858483,192608db42251d675da83286b1cce702) (ScriptedImporter) -> (artifact id: 'd20c72a12095a725d5961cf50a0bc8ef') in 0.0159402 seconds
Number of updated asset objects reloaded before import = 0Number of asset objects unloaded after import = 1

========================================================================
Received Prepare
Begin MonoManager ReloadAssembly
[Licensing::Client] Successfully resolved entitlement details
- Loaded All Assemblies, in  0.686 seconds
Refreshing native plugins compatible for Editor in 0.81 ms, found 3 plugins.
Native extension for WindowsStandalone target not found
Native extension for WebGL target not found
[Package Manager] Failed to launch server process. Reason: Unity was launched with the -noUpm command-line argument
[Package Manager] Unable to send message (not connected to server process).
[Package Manager] Cannot connect to Unity Package Manager local server
Mono: successfully reloaded assembly
- Finished resetting the current domain, in  0.709 seconds
Domain Reload Profiling: 1397ms
	BeginReloadAssembly (228ms)
		ExecutionOrderSort (0ms)
		DisableScriptedObjects (22ms)
		BackupInstance (0ms)
		ReleaseScriptingObjects (0ms)
		CreateAndSetChildDomain (72ms)
	RebuildCommonClasses (32ms)
	RebuildNativeTypeToScriptingClass (12ms)
	initialDomainReloadingComplete (26ms)
	LoadAllAssembliesAndSetupDomain (390ms)
		LoadAssemblies (294ms)
		RebuildTransferFunctionScriptingTraits (0ms)
		AnalyzeDomain (172ms)
			TypeCache.Refresh (10ms)
				TypeCache.ScanAssembly (0ms)
			BuildScriptInfoCaches (148ms)
			ResolveRequiredComponents (9ms)
	FinalizeReload (710ms)
		ReleaseScriptCaches (0ms)
		RebuildScriptCaches (0ms)
		SetupLoadedEditorAssemblies (539ms)
			LogAssemblyErrors (0ms)
			InitializePlatformSupportModulesInManaged (2ms)
			SetLoadedEditorAssemblies (5ms)
			BeforeProcessingInitializeOnLoad (114ms)
			ProcessInitializeOnLoadAttributes (345ms)
			ProcessInitializeOnLoadMethodAttributes (65ms)
			AfterProcessingInitializeOnLoad (7ms)
			EditorAssembliesLoaded (0ms)
		ExecutionOrderSort2 (0ms)
		AwakeInstancesAfterBackupRestoration (19ms)
Refreshing native plugins compatible for Editor in 1.72 ms, found 3 plugins.
Preloading 0 native plugins for Editor in 0.00 ms.
Unloading 13 Unused Serialized files (Serialized files now loaded: 0)
Unloading 6122 unused Assets / (3.9 MB). Loaded Objects now: 6872.
Memory consumption went from 154.6 MB to 150.7 MB.
Total: 10.645300 ms (FindLiveObjects: 0.868600 ms CreateObjectMapping: 0.732300 ms MarkObjects: 6.174500 ms  DeleteObjects: 2.868600 ms)

Prepare: number of updated asset objects reloaded= 0
========================================================================
Received Import Request.
  Time since last request: 126.406752 seconds.
  path: Assets
  artifactKey: Guid(00000000000000001000000000000000) Importer(815301076,1909f56bfc062723c751e8b465ee728b)
Start importing Assets using Guid(00000000000000001000000000000000) Importer(815301076,1909f56bfc062723c751e8b465ee728b) (PreviewImporter) -> (artifact id: 'c391582d739b6e62a5220f35cbb167ac') in 0.0079757 seconds
Number of updated asset objects reloaded before import = 0Number of asset objects unloaded after import = 0

========================================================================
Received Import Request.
  Time since last request: 4.271084 seconds.
  path: Assets/Scenes/SampleScene.unity
  artifactKey: Guid(99c9720ab356a0642a771bea13969a05) Importer(2089858483,192608db42251d675da83286b1cce702)
Start importing Assets/Scenes/SampleScene.unity using Guid(99c9720ab356a0642a771bea13969a05) Importer(2089858483,192608db42251d675da83286b1cce702) (ScriptedImporter) -> (artifact id: '5be4408c592227ccd6cfb950cc5182e7') in 0.1390358 seconds
Number of updated asset objects reloaded before import = 0Number of asset objects unloaded after import = 1

========================================================================
Received Import Request.
  Time since last request: 2.240918 seconds.
  path: Assets/Script
  artifactKey: Guid(7280bf8ad5fc82742a6be94b8316cd71) Importer(815301076,1909f56bfc062723c751e8b465ee728b)
Start importing Assets/Script using Guid(7280bf8ad5fc82742a6be94b8316cd71) Importer(815301076,1909f56bfc062723c751e8b465ee728b) (PreviewImporter) -> (artifact id: '74ede5516a6e4c420cebeedffe18ab4a') in 0.000683 seconds
Number of updated asset objects reloaded before import = 0Number of asset objects unloaded after import = 0

========================================================================
Received Import Request.
  Time since last request: 0.928579 seconds.
  path: Assets/Script
  artifactKey: Guid(7280bf8ad5fc82742a6be94b8316cd71) Importer(2089858483,192608db42251d675da83286b1cce702)
Start importing Assets/Script using Guid(7280bf8ad5fc82742a6be94b8316cd71) Importer(2089858483,192608db42251d675da83286b1cce702) (ScriptedImporter) -> (artifact id: '06dcaf9061dabfd44ba58019ac479c40') in 0.0123859 seconds
Number of updated asset objects reloaded before import = 0Number of asset objects unloaded after import = 1

========================================================================
Received Prepare
Refreshing native plugins compatible for Editor in 0.83 ms, found 3 plugins.
Preloading 0 native plugins for Editor in 0.00 ms.
Unloading 13 Unused Serialized files (Serialized files now loaded: 0)
Unloading 6116 unused Assets / (3.9 MB). Loaded Objects now: 6873.
Memory consumption went from 154.6 MB to 150.7 MB.
Total: 7.680200 ms (FindLiveObjects: 0.777900 ms CreateObjectMapping: 0.680400 ms MarkObjects: 4.231700 ms  DeleteObjects: 1.989400 ms)

Prepare: number of updated asset objects reloaded= 0
========================================================================
Received Import Request.
  Time since last request: 7.843579 seconds.
  path: Assets/Script/jump.cs
  artifactKey: Guid(0d87248d4c6d34f4ca72fa25902c1c36) Importer(815301076,1909f56bfc062723c751e8b465ee728b)
Start importing Assets/Script/jump.cs using Guid(0d87248d4c6d34f4ca72fa25902c1c36) Importer(815301076,1909f56bfc062723c751e8b465ee728b) (PreviewImporter) -> (artifact id: 'fd13da0991bbbc36f044a3580574ca85') in 0.0070217 seconds
Number of updated asset objects reloaded before import = 0Number of asset objects unloaded after import = 0

========================================================================
Received Import Request.
  Time since last request: 0.410233 seconds.
  path: Assets/Script/jump.cs
  artifactKey: Guid(0d87248d4c6d34f4ca72fa25902c1c36) Importer(2089858483,192608db42251d675da83286b1cce702)
Start importing Assets/Script/jump.cs using Guid(0d87248d4c6d34f4ca72fa25902c1c36) Importer(2089858483,192608db42251d675da83286b1cce702) (ScriptedImporter) -> (artifact id: '2566436aae3471fa2f6eb7ddd195c70e') in 0.0332338 seconds
Number of updated asset objects reloaded before import = 0Number of asset objects unloaded after import = 0

========================================================================
Received Prepare
Begin MonoManager ReloadAssembly
[Licensing::Client] Successfully resolved entitlement details
- Loaded All Assemblies, in  1.077 seconds
Refreshing native plugins compatible for Editor in 1.40 ms, found 3 plugins.
Native extension for WindowsStandalone target not found
Native extension for WebGL target not found
[Package Manager] Failed to launch server process. Reason: Unity was launched with the -noUpm command-line argument
[Package Manager] Unable to send message (not connected to server process).
[Package Manager] Cannot connect to Unity Package Manager local server
Mono: successfully reloaded assembly
- Finished resetting the current domain, in  0.862 seconds
Domain Reload Profiling: 1940ms
	BeginReloadAssembly (355ms)
		ExecutionOrderSort (0ms)
		DisableScriptedObjects (7ms)
		BackupInstance (0ms)
		ReleaseScriptingObjects (0ms)
		CreateAndSetChildDomain (92ms)
	RebuildCommonClasses (48ms)
	RebuildNativeTypeToScriptingClass (12ms)
	initialDomainReloadingComplete (34ms)
	LoadAllAssembliesAndSetupDomain (628ms)
		LoadAssemblies (519ms)
		RebuildTransferFunctionScriptingTraits (0ms)
		AnalyzeDomain (271ms)
			TypeCache.Refresh (11ms)
				TypeCache.ScanAssembly (0ms)
			BuildScriptInfoCaches (240ms)
			ResolveRequiredComponents (13ms)
	FinalizeReload (863ms)
		ReleaseScriptCaches (0ms)
		RebuildScriptCaches (0ms)
		SetupLoadedEditorAssemblies (659ms)
			LogAssemblyErrors (0ms)
			InitializePlatformSupportModulesInManaged (3ms)
			SetLoadedEditorAssemblies (8ms)
			BeforeProcessingInitializeOnLoad (162ms)
			ProcessInitializeOnLoadAttributes (415ms)
			ProcessInitializeOnLoadMethodAttributes (64ms)
			AfterProcessingInitializeOnLoad (6ms)
			EditorAssembliesLoaded (0ms)
		ExecutionOrderSort2 (0ms)
		AwakeInstancesAfterBackupRestoration (22ms)
Refreshing native plugins compatible for Editor in 1.21 ms, found 3 plugins.
Preloading 0 native plugins for Editor in 0.00 ms.
Unloading 13 Unused Serialized files (Serialized files now loaded: 0)
Unloading 6122 unused Assets / (4.1 MB). Loaded Objects now: 6876.
Memory consumption went from 154.3 MB to 150.2 MB.
Total: 10.089100 ms (FindLiveObjects: 0.763600 ms CreateObjectMapping: 0.875300 ms MarkObjects: 5.330900 ms  DeleteObjects: 3.118100 ms)

Prepare: number of updated asset objects reloaded= 0
